Determining if the pthread_create exist failed with the following output:
Change Dir: /home/orotib/vedes/Routing/build/CMakeFiles/CMakeTmp

Run Build Command:/usr/bin/make "cmTryCompileExec1189425398/fast"
/usr/bin/make -f CMakeFiles/cmTryCompileExec1189425398.dir/build.make CMakeFiles/cmTryCompileExec1189425398.dir/build
make[1]: Entering directory `/home/orotib/vedes/Routing/build/CMakeFiles/CMakeTmp'
/usr/bin/cmake -E cmake_progress_report /home/orotib/vedes/Routing/build/CMakeFiles/CMakeTmp/CMakeFiles 1
Building C object CMakeFiles/cmTryCompileExec1189425398.dir/CheckSymbolExists.c.o
/usr/bin/cc    -o CMakeFiles/cmTryCompileExec1189425398.dir/CheckSymbolExists.c.o   -c /home/orotib/vedes/Routing/build/CMakeFiles/CMakeTmp/CheckSymbolExists.c
Linking C executable cmTryCompileExec1189425398
/usr/bin/cmake -E cmake_link_script CMakeFiles/cmTryCompileExec1189425398.dir/link.txt --verbose=1
/usr/bin/cc       CMakeFiles/cmTryCompileExec1189425398.dir/CheckSymbolExists.c.o  -o cmTryCompileExec1189425398 -rdynamic 
CMakeFiles/cmTryCompileExec1189425398.dir/CheckSymbolExists.c.o: In function `main':
CheckSymbolExists.c:(.text+0x16): undefined reference to `pthread_create'
collect2: error: ld returned 1 exit status
make[1]: *** [cmTryCompileExec1189425398] Error 1
make[1]: Leaving directory `/home/orotib/vedes/Routing/build/CMakeFiles/CMakeTmp'
make: *** [cmTryCompileExec1189425398/fast] Error 2

File /home/orotib/vedes/Routing/build/CMakeFiles/CMakeTmp/CheckSymbolExists.c:
/* */
#include <pthread.h>

int main(int argc, char** argv)
{
  (void)argv;
#ifndef pthread_create
  return ((int*)(&pthread_create))[argc];
#else
  (void)argc;
  return 0;
#endif
}

Determining if the function pthread_create exists in the pthreads failed with the following output:
Change Dir: /home/orotib/vedes/Routing/build/CMakeFiles/CMakeTmp

Run Build Command:/usr/bin/make "cmTryCompileExec848223818/fast"
/usr/bin/make -f CMakeFiles/cmTryCompileExec848223818.dir/build.make CMakeFiles/cmTryCompileExec848223818.dir/build
make[1]: Entering directory `/home/orotib/vedes/Routing/build/CMakeFiles/CMakeTmp'
/usr/bin/cmake -E cmake_progress_report /home/orotib/vedes/Routing/build/CMakeFiles/CMakeTmp/CMakeFiles 1
Building C object CMakeFiles/cmTryCompileExec848223818.dir/CheckFunctionExists.c.o
/usr/bin/cc   -DCHECK_FUNCTION_EXISTS=pthread_create   -o CMakeFiles/cmTryCompileExec848223818.dir/CheckFunctionExists.c.o   -c /usr/share/cmake-2.8/Modules/CheckFunctionExists.c
Linking C executable cmTryCompileExec848223818
/usr/bin/cmake -E cmake_link_script CMakeFiles/cmTryCompileExec848223818.dir/link.txt --verbose=1
/usr/bin/cc   -DCHECK_FUNCTION_EXISTS=pthread_create    CMakeFiles/cmTryCompileExec848223818.dir/CheckFunctionExists.c.o  -o cmTryCompileExec848223818 -rdynamic -lpthreads 
/usr/bin/ld: cannot find -lpthreads
collect2: error: ld returned 1 exit status
make[1]: *** [cmTryCompileExec848223818] Error 1
make[1]: Leaving directory `/home/orotib/vedes/Routing/build/CMakeFiles/CMakeTmp'
make: *** [cmTryCompileExec848223818/fast] Error 2


